# JRE version: Java(TM) SE Runtime Environment (8.0_281-b09) (build 1.8.0_281-b09)
# Java VM: Java HotSpot(TM) 64-Bit Server VM (25.281-b09 mixed mode windows-amd64 compressed oops)
Heap:
 PSYoungGen      total 224256K, used 209408K [0x000000076b600000, 0x000000077d700000, 0x00000007c0000000)
  eden space 209408K, 100% used [0x000000076b600000,0x0000000778280000,0x0000000778280000)
  from space 14848K, 0% used [0x0000000778280000,0x0000000778280000,0x0000000779100000)
  to   space 14336K, 36% used [0x000000077c900000,0x000000077ce20010,0x000000077d700000)
 ParOldGen       total 235008K, used 20366K [0x00000006c2200000, 0x00000006d0780000, 0x000000076b600000)
  object space 235008K, 8% used [0x00000006c2200000,0x00000006c35e3b60,0x00000006d0780000)
 Metaspace       used 62783K, capacity 67388K, committed 67544K, reserved 1107968K
  class space    used 8676K, capacity 9448K, committed 9472K, reserved 1048576K
GC Heap History (10 events):
Event: 4.413 GC heap after
Heap after GC invocations=8 (full 2):
 PSYoungGen      total 158720K, used 0K [0x000000076b600000, 0x0000000778000000, 0x00000007c0000000)
  eden space 149504K, 0% used [0x000000076b600000,0x000000076b600000,0x0000000774800000)
  from space 9216K, 0% used [0x0000000775300000,0x0000000775300000,0x0000000775c00000)
  to   space 11264K, 0% used [0x0000000774800000,0x0000000774800000,0x0000000775300000)
 ParOldGen       total 168448K, used 15443K [0x00000006c2200000, 0x00000006cc680000, 0x000000076b600000)
  object space 168448K, 9% used [0x00000006c2200000,0x00000006c3114ef0,0x00000006cc680000)
 Metaspace       used 32504K, capacity 35340K, committed 35416K, reserved 1079296K
  class space    used 4252K, capacity 4710K, committed 4736K, reserved 1048576K
}
Event: 5.212 GC heap before
{Heap before GC invocations=9 (full 2):
 PSYoungGen      total 158720K, used 149504K [0x000000076b600000, 0x0000000778000000, 0x00000007c0000000)
  eden space 149504K, 100% used [0x000000076b600000,0x0000000774800000,0x0000000774800000)
  from space 9216K, 0% used [0x0000000775300000,0x0000000775300000,0x0000000775c00000)
  to   space 11264K, 0% used [0x0000000774800000,0x0000000774800000,0x0000000775300000)
 ParOldGen       total 168448K, used 15443K [0x00000006c2200000, 0x00000006cc680000, 0x000000076b600000)
  object space 168448K, 9% used [0x00000006c2200000,0x00000006c3114ef0,0x00000006cc680000)
 Metaspace       used 40132K, capacity 43160K, committed 43352K, reserved 1087488K
  class space    used 5185K, capacity 5736K, committed 5760K, reserved 1048576K
Event: 5.221 GC heap after
Heap after GC invocations=9 (full 2):
 PSYoungGen      total 160768K, used 8462K [0x000000076b600000, 0x0000000779c00000, 0x00000007c0000000)
  eden space 149504K, 0% used [0x000000076b600000,0x000000076b600000,0x0000000774800000)
  from space 11264K, 75% used [0x0000000774800000,0x00000007750438b8,0x0000000775300000)
  to   space 11264K, 0% used [0x0000000779100000,0x0000000779100000,0x0000000779c00000)
 ParOldGen       total 168448K, used 15451K [0x00000006c2200000, 0x00000006cc680000, 0x000000076b600000)
  object space 168448K, 9% used [0x00000006c2200000,0x00000006c3116ef0,0x00000006cc680000)
 Metaspace       used 40132K, capacity 43160K, committed 43352K, reserved 1087488K
  class space    used 5185K, capacity 5736K, committed 5760K, reserved 1048576K
}
Event: 6.634 GC heap before
{Heap before GC invocations=10 (full 2):
 PSYoungGen      total 160768K, used 157966K [0x000000076b600000, 0x0000000779c00000, 0x00000007c0000000)
  eden space 149504K, 100% used [0x000000076b600000,0x0000000774800000,0x0000000774800000)
  from space 11264K, 75% used [0x0000000774800000,0x00000007750438b8,0x0000000775300000)
  to   space 11264K, 0% used [0x0000000779100000,0x0000000779100000,0x0000000779c00000)
 ParOldGen       total 168448K, used 15451K [0x00000006c2200000, 0x00000006cc680000, 0x000000076b600000)
  object space 168448K, 9% used [0x00000006c2200000,0x00000006c3116ef0,0x00000006cc680000)
 Metaspace       used 52740K, capacity 56082K, committed 56152K, reserved 1097728K
  class space    used 7201K, capacity 7780K, committed 7808K, reserved 1048576K
Event: 6.645 GC heap after
Heap after GC invocations=10 (full 2):
 PSYoungGen      total 220672K, used 11257K [0x000000076b600000, 0x000000077a180000, 0x00000007c0000000)
  eden space 209408K, 0% used [0x000000076b600000,0x000000076b600000,0x0000000778280000)
  from space 11264K, 99% used [0x0000000779100000,0x0000000779bfe7b0,0x0000000779c00000)
  to   space 14848K, 0% used [0x0000000778280000,0x0000000778280000,0x0000000779100000)
 ParOldGen       total 168448K, used 20273K [0x00000006c2200000, 0x00000006cc680000, 0x000000076b600000)
  object space 168448K, 12% used [0x00000006c2200000,0x00000006c35cc640,0x00000006cc680000)
 Metaspace       used 52740K, capacity 56082K, committed 56152K, reserved 1097728K
  class space    used 7201K, capacity 7780K, committed 7808K, reserved 1048576K
}
Event: 7.008 GC heap before
{Heap before GC invocations=11 (full 2):
 PSYoungGen      total 220672K, used 57591K [0x000000076b600000, 0x000000077a180000, 0x00000007c0000000)
  eden space 209408K, 22% used [0x000000076b600000,0x000000076e33f840,0x0000000778280000)
  from space 11264K, 99% used [0x0000000779100000,0x0000000779bfe7b0,0x0000000779c00000)
  to   space 14848K, 0% used [0x0000000778280000,0x0000000778280000,0x0000000779100000)
 ParOldGen       total 168448K, used 20273K [0x00000006c2200000, 0x00000006cc680000, 0x000000076b600000)
  object space 168448K, 12% used [0x00000006c2200000,0x00000006c35cc640,0x00000006cc680000)
 Metaspace       used 55523K, capacity 58970K, committed 59028K, reserved 1099776K
  class space    used 7575K, capacity 8174K, committed 8192K, reserved 1048576K
Event: 7.014 GC heap after
Heap after GC invocations=11 (full 2):
 PSYoungGen      total 224256K, used 9332K [0x000000076b600000, 0x000000077d700000, 0x00000007c0000000)
  eden space 209408K, 0% used [0x000000076b600000,0x000000076b600000,0x0000000778280000)
  from space 14848K, 62% used [0x0000000778280000,0x0000000778b9d278,0x0000000779100000)
  to   space 14336K, 0% used [0x000000077c900000,0x000000077c900000,0x000000077d700000)
 ParOldGen       total 168448K, used 20281K [0x00000006c2200000, 0x00000006cc680000, 0x000000076b600000)
  object space 168448K, 12% used [0x00000006c2200000,0x00000006c35ce640,0x00000006cc680000)
 Metaspace       used 55523K, capacity 58970K, committed 59028K, reserved 1099776K
  class space    used 7575K, capacity 8174K, committed 8192K, reserved 1048576K
}
Event: 7.014 GC heap before
{Heap before GC invocations=12 (full 3):
 PSYoungGen      total 224256K, used 9332K [0x000000076b600000, 0x000000077d700000, 0x00000007c0000000)
  eden space 209408K, 0% used [0x000000076b600000,0x000000076b600000,0x0000000778280000)
  from space 14848K, 62% used [0x0000000778280000,0x0000000778b9d278,0x0000000779100000)
  to   space 14336K, 0% used [0x000000077c900000,0x000000077c900000,0x000000077d700000)
 ParOldGen       total 168448K, used 20281K [0x00000006c2200000, 0x00000006cc680000, 0x000000076b600000)
  object space 168448K, 12% used [0x00000006c2200000,0x00000006c35ce640,0x00000006cc680000)
 Metaspace       used 55523K, capacity 58970K, committed 59028K, reserved 1099776K
  class space    used 7575K, capacity 8174K, committed 8192K, reserved 1048576K
Event: 7.111 GC heap after
Heap after GC invocations=12 (full 3):
 PSYoungGen      total 224256K, used 0K [0x000000076b600000, 0x000000077d700000, 0x00000007c0000000)
  eden space 209408K, 0% used [0x000000076b600000,0x000000076b600000,0x0000000778280000)
  from space 14848K, 0% used [0x0000000778280000,0x0000000778280000,0x0000000779100000)
  to   space 14336K, 0% used [0x000000077c900000,0x000000077c900000,0x000000077d700000)
 ParOldGen       total 235008K, used 20358K [0x00000006c2200000, 0x00000006d0780000, 0x000000076b600000)
  object space 235008K, 8% used [0x00000006c2200000,0x00000006c35e1b60,0x00000006d0780000)
 Metaspace       used 55523K, capacity 58970K, committed 59028K, reserved 1099776K
  class space    used 7575K, capacity 8174K, committed 8192K, reserved 1048576K
}
Event: 8.862 GC heap before
{Heap before GC invocations=13 (full 3):
 PSYoungGen      total 224256K, used 209408K [0x000000076b600000, 0x000000077d700000, 0x00000007c0000000)
  eden space 209408K, 100% used [0x000000076b600000,0x0000000778280000,0x0000000778280000)
  from space 14848K, 0% used [0x0000000778280000,0x0000000778280000,0x0000000779100000)
  to   space 14336K, 0% used [0x000000077c900000,0x000000077c900000,0x000000077d700000)
 ParOldGen       total 235008K, used 20358K [0x00000006c2200000, 0x00000006d0780000, 0x000000076b600000)
  object space 235008K, 8% used [0x00000006c2200000,0x00000006c35e1b60,0x00000006d0780000)
 Metaspace       used 62783K, capacity 67388K, committed 67544K, reserved 1107968K
  class space    used 8676K, capacity 9448K, committed 9472K, reserved 1048576K

