# JRE version: Java(TM) SE Runtime Environment (8.0_281-b09) (build 1.8.0_281-b09)
# Java VM: Java HotSpot(TM) 64-Bit Server VM (25.281-b09 mixed mode windows-amd64 compressed oops)
Heap:
 PSYoungGen      total 159232K, used 9945K [0x00000000f5580000, 0x0000000100000000, 0x0000000100000000)
  eden space 143872K, 0% used [0x00000000f5580000,0x00000000f5580000,0x00000000fe200000)
  from space 15360K, 64% used [0x00000000fe200000,0x00000000febb6780,0x00000000ff100000)
  to   space 14848K, 0% used [0x00000000ff180000,0x00000000ff180000,0x0000000100000000)
 ParOldGen       total 168960K, used 15109K [0x00000000e0000000, 0x00000000ea500000, 0x00000000f5580000)
  object space 168960K, 8% used [0x00000000e0000000,0x00000000e0ec1518,0x00000000ea500000)
 Metaspace       used 55658K, capacity 59136K, committed 59160K, reserved 1099776K
  class space    used 7720K, capacity 8337K, committed 8360K, reserved 1048576K
GC Heap History (10 events):
Event: 3.027 GC heap after
Heap after GC invocations=7 (full 1):
 PSYoungGen      total 131072K, used 6814K [0x00000000f5580000, 0x00000000ff380000, 0x0000000100000000)
  eden space 118784K, 0% used [0x00000000f5580000,0x00000000f5580000,0x00000000fc980000)
  from space 12288K, 55% used [0x00000000fd580000,0x00000000fdc279b0,0x00000000fe180000)
  to   space 12288K, 0% used [0x00000000fc980000,0x00000000fc980000,0x00000000fd580000)
 ParOldGen       total 116736K, used 8937K [0x00000000e0000000, 0x00000000e7200000, 0x00000000f5580000)
  object space 116736K, 7% used [0x00000000e0000000,0x00000000e08ba430,0x00000000e7200000)
 Metaspace       used 32458K, capacity 35384K, committed 35496K, reserved 1079296K
  class space    used 4380K, capacity 4922K, committed 5032K, reserved 1048576K
}
Event: 3.027 GC heap before
{Heap before GC invocations=8 (full 2):
 PSYoungGen      total 131072K, used 6814K [0x00000000f5580000, 0x00000000ff380000, 0x0000000100000000)
  eden space 118784K, 0% used [0x00000000f5580000,0x00000000f5580000,0x00000000fc980000)
  from space 12288K, 55% used [0x00000000fd580000,0x00000000fdc279b0,0x00000000fe180000)
  to   space 12288K, 0% used [0x00000000fc980000,0x00000000fc980000,0x00000000fd580000)
 ParOldGen       total 116736K, used 8937K [0x00000000e0000000, 0x00000000e7200000, 0x00000000f5580000)
  object space 116736K, 7% used [0x00000000e0000000,0x00000000e08ba430,0x00000000e7200000)
 Metaspace       used 32458K, capacity 35384K, committed 35496K, reserved 1079296K
  class space    used 4380K, capacity 4922K, committed 5032K, reserved 1048576K
Event: 3.058 GC heap after
Heap after GC invocations=8 (full 2):
 PSYoungGen      total 131072K, used 0K [0x00000000f5580000, 0x00000000ff380000, 0x0000000100000000)
  eden space 118784K, 0% used [0x00000000f5580000,0x00000000f5580000,0x00000000fc980000)
  from space 12288K, 0% used [0x00000000fd580000,0x00000000fd580000,0x00000000fe180000)
  to   space 12288K, 0% used [0x00000000fc980000,0x00000000fc980000,0x00000000fd580000)
 ParOldGen       total 168960K, used 11414K [0x00000000e0000000, 0x00000000ea500000, 0x00000000f5580000)
  object space 168960K, 6% used [0x00000000e0000000,0x00000000e0b259e0,0x00000000ea500000)
 Metaspace       used 32458K, capacity 35384K, committed 35496K, reserved 1079296K
  class space    used 4380K, capacity 4922K, committed 5032K, reserved 1048576K
}
Event: 3.821 GC heap before
{Heap before GC invocations=9 (full 2):
 PSYoungGen      total 131072K, used 118784K [0x00000000f5580000, 0x00000000ff380000, 0x0000000100000000)
  eden space 118784K, 100% used [0x00000000f5580000,0x00000000fc980000,0x00000000fc980000)
  from space 12288K, 0% used [0x00000000fd580000,0x00000000fd580000,0x00000000fe180000)
  to   space 12288K, 0% used [0x00000000fc980000,0x00000000fc980000,0x00000000fd580000)
 ParOldGen       total 168960K, used 11414K [0x00000000e0000000, 0x00000000ea500000, 0x00000000f5580000)
  object space 168960K, 6% used [0x00000000e0000000,0x00000000e0b259e0,0x00000000ea500000)
 Metaspace       used 40586K, capacity 43698K, committed 44072K, reserved 1087488K
  class space    used 5307K, capacity 5877K, committed 5928K, reserved 1048576K
Event: 3.826 GC heap after
Heap after GC invocations=9 (full 2):
 PSYoungGen      total 131072K, used 9315K [0x00000000f5580000, 0x0000000100000000, 0x0000000100000000)
  eden space 118784K, 0% used [0x00000000f5580000,0x00000000f5580000,0x00000000fc980000)
  from space 12288K, 75% used [0x00000000fc980000,0x00000000fd298e38,0x00000000fd580000)
  to   space 12288K, 0% used [0x00000000ff400000,0x00000000ff400000,0x0000000100000000)
 ParOldGen       total 168960K, used 11422K [0x00000000e0000000, 0x00000000ea500000, 0x00000000f5580000)
  object space 168960K, 6% used [0x00000000e0000000,0x00000000e0b279e0,0x00000000ea500000)
 Metaspace       used 40586K, capacity 43698K, committed 44072K, reserved 1087488K
  class space    used 5307K, capacity 5877K, committed 5928K, reserved 1048576K
}
Event: 4.975 GC heap before
{Heap before GC invocations=10 (full 2):
 PSYoungGen      total 131072K, used 128099K [0x00000000f5580000, 0x0000000100000000, 0x0000000100000000)
  eden space 118784K, 100% used [0x00000000f5580000,0x00000000fc980000,0x00000000fc980000)
  from space 12288K, 75% used [0x00000000fc980000,0x00000000fd298e38,0x00000000fd580000)
  to   space 12288K, 0% used [0x00000000ff400000,0x00000000ff400000,0x0000000100000000)
 ParOldGen       total 168960K, used 11422K [0x00000000e0000000, 0x00000000ea500000, 0x00000000f5580000)
  object space 168960K, 6% used [0x00000000e0000000,0x00000000e0b279e0,0x00000000ea500000)
 Metaspace       used 52554K, capacity 56020K, committed 56232K, reserved 1097728K
  class space    used 7197K, capacity 7829K, committed 7848K, reserved 1048576K
Event: 4.986 GC heap after
Heap after GC invocations=10 (full 2):
 PSYoungGen      total 156160K, used 12286K [0x00000000f5580000, 0x0000000100000000, 0x0000000100000000)
  eden space 143872K, 0% used [0x00000000f5580000,0x00000000f5580000,0x00000000fe200000)
  from space 12288K, 99% used [0x00000000ff400000,0x00000000fffff920,0x0000000100000000)
  to   space 15360K, 0% used [0x00000000fe200000,0x00000000fe200000,0x00000000ff100000)
 ParOldGen       total 168960K, used 15101K [0x00000000e0000000, 0x00000000ea500000, 0x00000000f5580000)
  object space 168960K, 8% used [0x00000000e0000000,0x00000000e0ebf518,0x00000000ea500000)
 Metaspace       used 52554K, capacity 56020K, committed 56232K, reserved 1097728K
  class space    used 7197K, capacity 7829K, committed 7848K, reserved 1048576K
}
Event: 5.382 GC heap before
{Heap before GC invocations=11 (full 2):
 PSYoungGen      total 156160K, used 51413K [0x00000000f5580000, 0x0000000100000000, 0x0000000100000000)
  eden space 143872K, 27% used [0x00000000f5580000,0x00000000f7bb5c58,0x00000000fe200000)
  from space 12288K, 99% used [0x00000000ff400000,0x00000000fffff920,0x0000000100000000)
  to   space 15360K, 0% used [0x00000000fe200000,0x00000000fe200000,0x00000000ff100000)
 ParOldGen       total 168960K, used 15101K [0x00000000e0000000, 0x00000000ea500000, 0x00000000f5580000)
  object space 168960K, 8% used [0x00000000e0000000,0x00000000e0ebf518,0x00000000ea500000)
 Metaspace       used 55658K, capacity 59136K, committed 59160K, reserved 1099776K
  class space    used 7720K, capacity 8337K, committed 8360K, reserved 1048576K
Event: 5.389 GC heap after
Heap after GC invocations=11 (full 2):
 PSYoungGen      total 159232K, used 9945K [0x00000000f5580000, 0x0000000100000000, 0x0000000100000000)
  eden space 143872K, 0% used [0x00000000f5580000,0x00000000f5580000,0x00000000fe200000)
  from space 15360K, 64% used [0x00000000fe200000,0x00000000febb6780,0x00000000ff100000)
  to   space 14848K, 0% used [0x00000000ff180000,0x00000000ff180000,0x0000000100000000)
 ParOldGen       total 168960K, used 15109K [0x00000000e0000000, 0x00000000ea500000, 0x00000000f5580000)
  object space 168960K, 8% used [0x00000000e0000000,0x00000000e0ec1518,0x00000000ea500000)
 Metaspace       used 55658K, capacity 59136K, committed 59160K, reserved 1099776K
  class space    used 7720K, capacity 8337K, committed 8360K, reserved 1048576K
}
Event: 5.389 GC heap before
{Heap before GC invocations=12 (full 3):
 PSYoungGen      total 159232K, used 9945K [0x00000000f5580000, 0x0000000100000000, 0x0000000100000000)
  eden space 143872K, 0% used [0x00000000f5580000,0x00000000f5580000,0x00000000fe200000)
  from space 15360K, 64% used [0x00000000fe200000,0x00000000febb6780,0x00000000ff100000)
  to   space 14848K, 0% used [0x00000000ff180000,0x00000000ff180000,0x0000000100000000)
 ParOldGen       total 168960K, used 15109K [0x00000000e0000000, 0x00000000ea500000, 0x00000000f5580000)
  object space 168960K, 8% used [0x00000000e0000000,0x00000000e0ec1518,0x00000000ea500000)
 Metaspace       used 55658K, capacity 59136K, committed 59160K, reserved 1099776K
  class space    used 7720K, capacity 8337K, committed 8360K, reserved 1048576K

