# JRE version: Java(TM) SE Runtime Environment (8.0_281-b09) (build 1.8.0_281-b09)
# Java VM: Java HotSpot(TM) 64-Bit Server VM (25.281-b09 mixed mode windows-amd64 compressed oops)
Heap:
 PSYoungGen      total 158720K, used 8961K [0x00000000f5580000, 0x0000000100000000, 0x0000000100000000)
  eden space 142848K, 0% used [0x00000000f5580000,0x00000000f5580000,0x00000000fe100000)
  from space 15872K, 56% used [0x00000000fe100000,0x00000000fe9c0790,0x00000000ff080000)
  to   space 15360K, 0% used [0x00000000ff100000,0x00000000ff100000,0x0000000100000000)
 ParOldGen       total 156160K, used 15578K [0x00000000e0000000, 0x00000000e9880000, 0x00000000f5580000)
  object space 156160K, 9% used [0x00000000e0000000,0x00000000e0f36858,0x00000000e9880000)
 Metaspace       used 55607K, capacity 59068K, committed 59160K, reserved 1099776K
  class space    used 7721K, capacity 8337K, committed 8360K, reserved 1048576K
GC Heap History (10 events):
Event: 3.133 GC heap after
Heap after GC invocations=7 (full 1):
 PSYoungGen      total 138752K, used 6766K [0x00000000f5580000, 0x0000000100000000, 0x0000000100000000)
  eden space 125952K, 0% used [0x00000000f5580000,0x00000000f5580000,0x00000000fd080000)
  from space 12800K, 52% used [0x00000000fdc80000,0x00000000fe31b9c0,0x00000000fe900000)
  to   space 12288K, 0% used [0x00000000fd080000,0x00000000fd080000,0x00000000fdc80000)
 ParOldGen       total 114176K, used 9175K [0x00000000e0000000, 0x00000000e6f80000, 0x00000000f5580000)
  object space 114176K, 8% used [0x00000000e0000000,0x00000000e08f5d40,0x00000000e6f80000)
 Metaspace       used 32458K, capacity 35384K, committed 35496K, reserved 1079296K
  class space    used 4388K, capacity 4922K, committed 5032K, reserved 1048576K
}
Event: 3.133 GC heap before
{Heap before GC invocations=8 (full 2):
 PSYoungGen      total 138752K, used 6766K [0x00000000f5580000, 0x0000000100000000, 0x0000000100000000)
  eden space 125952K, 0% used [0x00000000f5580000,0x00000000f5580000,0x00000000fd080000)
  from space 12800K, 52% used [0x00000000fdc80000,0x00000000fe31b9c0,0x00000000fe900000)
  to   space 12288K, 0% used [0x00000000fd080000,0x00000000fd080000,0x00000000fdc80000)
 ParOldGen       total 114176K, used 9175K [0x00000000e0000000, 0x00000000e6f80000, 0x00000000f5580000)
  object space 114176K, 8% used [0x00000000e0000000,0x00000000e08f5d40,0x00000000e6f80000)
 Metaspace       used 32458K, capacity 35384K, committed 35496K, reserved 1079296K
  class space    used 4388K, capacity 4922K, committed 5032K, reserved 1048576K
Event: 3.164 GC heap after
Heap after GC invocations=8 (full 2):
 PSYoungGen      total 138752K, used 0K [0x00000000f5580000, 0x0000000100000000, 0x0000000100000000)
  eden space 125952K, 0% used [0x00000000f5580000,0x00000000f5580000,0x00000000fd080000)
  from space 12800K, 0% used [0x00000000fdc80000,0x00000000fdc80000,0x00000000fe900000)
  to   space 12288K, 0% used [0x00000000fd080000,0x00000000fd080000,0x00000000fdc80000)
 ParOldGen       total 156160K, used 11375K [0x00000000e0000000, 0x00000000e9880000, 0x00000000f5580000)
  object space 156160K, 7% used [0x00000000e0000000,0x00000000e0b1bff0,0x00000000e9880000)
 Metaspace       used 32458K, capacity 35384K, committed 35496K, reserved 1079296K
  class space    used 4388K, capacity 4922K, committed 5032K, reserved 1048576K
}
Event: 4.005 GC heap before
{Heap before GC invocations=9 (full 2):
 PSYoungGen      total 138752K, used 125952K [0x00000000f5580000, 0x0000000100000000, 0x0000000100000000)
  eden space 125952K, 100% used [0x00000000f5580000,0x00000000fd080000,0x00000000fd080000)
  from space 12800K, 0% used [0x00000000fdc80000,0x00000000fdc80000,0x00000000fe900000)
  to   space 12288K, 0% used [0x00000000fd080000,0x00000000fd080000,0x00000000fdc80000)
 ParOldGen       total 156160K, used 11375K [0x00000000e0000000, 0x00000000e9880000, 0x00000000f5580000)
  object space 156160K, 7% used [0x00000000e0000000,0x00000000e0b1bff0,0x00000000e9880000)
 Metaspace       used 40796K, capacity 43984K, committed 44200K, reserved 1087488K
  class space    used 5348K, capacity 5948K, committed 6056K, reserved 1048576K
Event: 4.012 GC heap after
Heap after GC invocations=9 (full 2):
 PSYoungGen      total 138240K, used 9778K [0x00000000f5580000, 0x0000000100000000, 0x0000000100000000)
  eden space 125952K, 0% used [0x00000000f5580000,0x00000000f5580000,0x00000000fd080000)
  from space 12288K, 79% used [0x00000000fd080000,0x00000000fda0c9c0,0x00000000fdc80000)
  to   space 12800K, 0% used [0x00000000ff380000,0x00000000ff380000,0x0000000100000000)
 ParOldGen       total 156160K, used 11383K [0x00000000e0000000, 0x00000000e9880000, 0x00000000f5580000)
  object space 156160K, 7% used [0x00000000e0000000,0x00000000e0b1dff0,0x00000000e9880000)
 Metaspace       used 40796K, capacity 43984K, committed 44200K, reserved 1087488K
  class space    used 5348K, capacity 5948K, committed 6056K, reserved 1048576K
}
Event: 5.336 GC heap before
{Heap before GC invocations=10 (full 2):
 PSYoungGen      total 138240K, used 135730K [0x00000000f5580000, 0x0000000100000000, 0x0000000100000000)
  eden space 125952K, 100% used [0x00000000f5580000,0x00000000fd080000,0x00000000fd080000)
  from space 12288K, 79% used [0x00000000fd080000,0x00000000fda0c9c0,0x00000000fdc80000)
  to   space 12800K, 0% used [0x00000000ff380000,0x00000000ff380000,0x0000000100000000)
 ParOldGen       total 156160K, used 11383K [0x00000000e0000000, 0x00000000e9880000, 0x00000000f5580000)
  object space 156160K, 7% used [0x00000000e0000000,0x00000000e0b1dff0,0x00000000e9880000)
 Metaspace       used 53475K, capacity 56918K, committed 57256K, reserved 1097728K
  class space    used 7394K, capacity 8022K, committed 8104K, reserved 1048576K
Event: 5.348 GC heap after
Heap after GC invocations=10 (full 2):
 PSYoungGen      total 155648K, used 12771K [0x00000000f5580000, 0x0000000100000000, 0x0000000100000000)
  eden space 142848K, 0% used [0x00000000f5580000,0x00000000f5580000,0x00000000fe100000)
  from space 12800K, 99% used [0x00000000ff380000,0x00000000ffff8e58,0x0000000100000000)
  to   space 15872K, 0% used [0x00000000fe100000,0x00000000fe100000,0x00000000ff080000)
 ParOldGen       total 156160K, used 15570K [0x00000000e0000000, 0x00000000e9880000, 0x00000000f5580000)
  object space 156160K, 9% used [0x00000000e0000000,0x00000000e0f34858,0x00000000e9880000)
 Metaspace       used 53475K, capacity 56918K, committed 57256K, reserved 1097728K
  class space    used 7394K, capacity 8022K, committed 8104K, reserved 1048576K
}
Event: 5.602 GC heap before
{Heap before GC invocations=11 (full 2):
 PSYoungGen      total 155648K, used 37791K [0x00000000f5580000, 0x0000000100000000, 0x0000000100000000)
  eden space 142848K, 17% used [0x00000000f5580000,0x00000000f6deee00,0x00000000fe100000)
  from space 12800K, 99% used [0x00000000ff380000,0x00000000ffff8e58,0x0000000100000000)
  to   space 15872K, 0% used [0x00000000fe100000,0x00000000fe100000,0x00000000ff080000)
 ParOldGen       total 156160K, used 15570K [0x00000000e0000000, 0x00000000e9880000, 0x00000000f5580000)
  object space 156160K, 9% used [0x00000000e0000000,0x00000000e0f34858,0x00000000e9880000)
 Metaspace       used 55607K, capacity 59068K, committed 59160K, reserved 1099776K
  class space    used 7721K, capacity 8337K, committed 8360K, reserved 1048576K
Event: 5.608 GC heap after
Heap after GC invocations=11 (full 2):
 PSYoungGen      total 158720K, used 8961K [0x00000000f5580000, 0x0000000100000000, 0x0000000100000000)
  eden space 142848K, 0% used [0x00000000f5580000,0x00000000f5580000,0x00000000fe100000)
  from space 15872K, 56% used [0x00000000fe100000,0x00000000fe9c0790,0x00000000ff080000)
  to   space 15360K, 0% used [0x00000000ff100000,0x00000000ff100000,0x0000000100000000)
 ParOldGen       total 156160K, used 15578K [0x00000000e0000000, 0x00000000e9880000, 0x00000000f5580000)
  object space 156160K, 9% used [0x00000000e0000000,0x00000000e0f36858,0x00000000e9880000)
 Metaspace       used 55607K, capacity 59068K, committed 59160K, reserved 1099776K
  class space    used 7721K, capacity 8337K, committed 8360K, reserved 1048576K
}
Event: 5.608 GC heap before
{Heap before GC invocations=12 (full 3):
 PSYoungGen      total 158720K, used 8961K [0x00000000f5580000, 0x0000000100000000, 0x0000000100000000)
  eden space 142848K, 0% used [0x00000000f5580000,0x00000000f5580000,0x00000000fe100000)
  from space 15872K, 56% used [0x00000000fe100000,0x00000000fe9c0790,0x00000000ff080000)
  to   space 15360K, 0% used [0x00000000ff100000,0x00000000ff100000,0x0000000100000000)
 ParOldGen       total 156160K, used 15578K [0x00000000e0000000, 0x00000000e9880000, 0x00000000f5580000)
  object space 156160K, 9% used [0x00000000e0000000,0x00000000e0f36858,0x00000000e9880000)
 Metaspace       used 55607K, capacity 59068K, committed 59160K, reserved 1099776K
  class space    used 7721K, capacity 8337K, committed 8360K, reserved 1048576K

