# JRE version: Java(TM) SE Runtime Environment (8.0_281-b09) (build 1.8.0_281-b09)
# Java VM: Java HotSpot(TM) 64-Bit Server VM (25.281-b09 mixed mode windows-amd64 compressed oops)
Heap:
 PSYoungGen      total 100352K, used 62129K [0x00000000f5580000, 0x00000000fc380000, 0x0000000100000000)
  eden space 89600K, 63% used [0x00000000f5580000,0x00000000f8d18170,0x00000000fad00000)
  from space 10752K, 48% used [0x00000000fb780000,0x00000000fbc943c8,0x00000000fc200000)
  to   space 10752K, 0% used [0x00000000fad00000,0x00000000fad00000,0x00000000fb780000)
 ParOldGen       total 113152K, used 8853K [0x00000000e0000000, 0x00000000e6e80000, 0x00000000f5580000)
  object space 113152K, 7% used [0x00000000e0000000,0x00000000e08a5500,0x00000000e6e80000)
 Metaspace       used 30474K, capacity 32872K, committed 33072K, reserved 1077248K
  class space    used 4069K, capacity 4546K, committed 4656K, reserved 1048576K
GC Heap History (10 events):
Event: 0.980 GC heap before
{Heap before GC invocations=1 (full 0):
 PSYoungGen      total 75776K, used 65024K [0x00000000f5580000, 0x00000000faa00000, 0x0000000100000000)
  eden space 65024K, 100% used [0x00000000f5580000,0x00000000f9500000,0x00000000f9500000)
  from space 10752K, 0% used [0x00000000f9f80000,0x00000000f9f80000,0x00000000faa00000)
  to   space 10752K, 0% used [0x00000000f9500000,0x00000000f9500000,0x00000000f9f80000)
 ParOldGen       total 173568K, used 0K [0x00000000e0000000, 0x00000000ea980000, 0x00000000f5580000)
  object space 173568K, 0% used [0x00000000e0000000,0x00000000e0000000,0x00000000ea980000)
 Metaspace       used 14443K, capacity 15598K, committed 15744K, reserved 1062912K
  class space    used 1858K, capacity 2123K, committed 2176K, reserved 1048576K
Event: 0.986 GC heap after
Heap after GC invocations=1 (full 0):
 PSYoungGen      total 75776K, used 8957K [0x00000000f5580000, 0x00000000faa00000, 0x0000000100000000)
  eden space 65024K, 0% used [0x00000000f5580000,0x00000000f5580000,0x00000000f9500000)
  from space 10752K, 83% used [0x00000000f9500000,0x00000000f9dbf7d8,0x00000000f9f80000)
  to   space 10752K, 0% used [0x00000000f9f80000,0x00000000f9f80000,0x00000000faa00000)
 ParOldGen       total 173568K, used 16K [0x00000000e0000000, 0x00000000ea980000, 0x00000000f5580000)
  object space 173568K, 0% used [0x00000000e0000000,0x00000000e0004000,0x00000000ea980000)
 Metaspace       used 14443K, capacity 15598K, committed 15744K, reserved 1062912K
  class space    used 1858K, capacity 2123K, committed 2176K, reserved 1048576K
}
Event: 1.394 GC heap before
{Heap before GC invocations=2 (full 0):
 PSYoungGen      total 75776K, used 63381K [0x00000000f5580000, 0x00000000faa00000, 0x0000000100000000)
  eden space 65024K, 83% used [0x00000000f5580000,0x00000000f8aa5f20,0x00000000f9500000)
  from space 10752K, 83% used [0x00000000f9500000,0x00000000f9dbf7d8,0x00000000f9f80000)
  to   space 10752K, 0% used [0x00000000f9f80000,0x00000000f9f80000,0x00000000faa00000)
 ParOldGen       total 173568K, used 16K [0x00000000e0000000, 0x00000000ea980000, 0x00000000f5580000)
  object space 173568K, 0% used [0x00000000e0000000,0x00000000e0004000,0x00000000ea980000)
 Metaspace       used 19915K, capacity 21286K, committed 21296K, reserved 1067008K
  class space    used 2550K, capacity 2855K, committed 2864K, reserved 1048576K
Event: 1.400 GC heap after
Heap after GC invocations=2 (full 0):
 PSYoungGen      total 75776K, used 9348K [0x00000000f5580000, 0x00000000faa00000, 0x0000000100000000)
  eden space 65024K, 0% used [0x00000000f5580000,0x00000000f5580000,0x00000000f9500000)
  from space 10752K, 86% used [0x00000000f9f80000,0x00000000fa8a13f8,0x00000000faa00000)
  to   space 10752K, 0% used [0x00000000f9500000,0x00000000f9500000,0x00000000f9f80000)
 ParOldGen       total 173568K, used 24K [0x00000000e0000000, 0x00000000ea980000, 0x00000000f5580000)
  object space 173568K, 0% used [0x00000000e0000000,0x00000000e0006000,0x00000000ea980000)
 Metaspace       used 19915K, capacity 21286K, committed 21296K, reserved 1067008K
  class space    used 2550K, capacity 2855K, committed 2864K, reserved 1048576K
}
Event: 1.400 GC heap before
{Heap before GC invocations=3 (full 1):
 PSYoungGen      total 75776K, used 9348K [0x00000000f5580000, 0x00000000faa00000, 0x0000000100000000)
  eden space 65024K, 0% used [0x00000000f5580000,0x00000000f5580000,0x00000000f9500000)
  from space 10752K, 86% used [0x00000000f9f80000,0x00000000fa8a13f8,0x00000000faa00000)
  to   space 10752K, 0% used [0x00000000f9500000,0x00000000f9500000,0x00000000f9f80000)
 ParOldGen       total 173568K, used 24K [0x00000000e0000000, 0x00000000ea980000, 0x00000000f5580000)
  object space 173568K, 0% used [0x00000000e0000000,0x00000000e0006000,0x00000000ea980000)
 Metaspace       used 19915K, capacity 21286K, committed 21296K, reserved 1067008K
  class space    used 2550K, capacity 2855K, committed 2864K, reserved 1048576K
Event: 1.419 GC heap after
Heap after GC invocations=3 (full 1):
 PSYoungGen      total 75776K, used 0K [0x00000000f5580000, 0x00000000faa00000, 0x0000000100000000)
  eden space 65024K, 0% used [0x00000000f5580000,0x00000000f5580000,0x00000000f9500000)
  from space 10752K, 0% used [0x00000000f9f80000,0x00000000f9f80000,0x00000000faa00000)
  to   space 10752K, 0% used [0x00000000f9500000,0x00000000f9500000,0x00000000f9f80000)
 ParOldGen       total 113152K, used 8837K [0x00000000e0000000, 0x00000000e6e80000, 0x00000000f5580000)
  object space 113152K, 7% used [0x00000000e0000000,0x00000000e08a1500,0x00000000e6e80000)
 Metaspace       used 19915K, capacity 21286K, committed 21296K, reserved 1067008K
  class space    used 2550K, capacity 2855K, committed 2864K, reserved 1048576K
}
Event: 1.889 GC heap before
{Heap before GC invocations=4 (full 1):
 PSYoungGen      total 75776K, used 65024K [0x00000000f5580000, 0x00000000faa00000, 0x0000000100000000)
  eden space 65024K, 100% used [0x00000000f5580000,0x00000000f9500000,0x00000000f9500000)
  from space 10752K, 0% used [0x00000000f9f80000,0x00000000f9f80000,0x00000000faa00000)
  to   space 10752K, 0% used [0x00000000f9500000,0x00000000f9500000,0x00000000f9f80000)
 ParOldGen       total 113152K, used 8837K [0x00000000e0000000, 0x00000000e6e80000, 0x00000000f5580000)
  object space 113152K, 7% used [0x00000000e0000000,0x00000000e08a1500,0x00000000e6e80000)
 Metaspace       used 25509K, capacity 27404K, committed 27696K, reserved 1073152K
  class space    used 3404K, capacity 3772K, committed 3888K, reserved 1048576K
Event: 1.892 GC heap after
Heap after GC invocations=4 (full 1):
 PSYoungGen      total 75776K, used 6822K [0x00000000f5580000, 0x00000000fc200000, 0x0000000100000000)
  eden space 65024K, 0% used [0x00000000f5580000,0x00000000f5580000,0x00000000f9500000)
  from space 10752K, 63% used [0x00000000f9500000,0x00000000f9ba9b08,0x00000000f9f80000)
  to   space 10752K, 0% used [0x00000000fb780000,0x00000000fb780000,0x00000000fc200000)
 ParOldGen       total 113152K, used 8845K [0x00000000e0000000, 0x00000000e6e80000, 0x00000000f5580000)
  object space 113152K, 7% used [0x00000000e0000000,0x00000000e08a3500,0x00000000e6e80000)
 Metaspace       used 25509K, capacity 27404K, committed 27696K, reserved 1073152K
  class space    used 3404K, capacity 3772K, committed 3888K, reserved 1048576K
}
Event: 2.127 GC heap before
{Heap before GC invocations=5 (full 1):
 PSYoungGen      total 75776K, used 71846K [0x00000000f5580000, 0x00000000fc200000, 0x0000000100000000)
  eden space 65024K, 100% used [0x00000000f5580000,0x00000000f9500000,0x00000000f9500000)
  from space 10752K, 63% used [0x00000000f9500000,0x00000000f9ba9b08,0x00000000f9f80000)
  to   space 10752K, 0% used [0x00000000fb780000,0x00000000fb780000,0x00000000fc200000)
 ParOldGen       total 113152K, used 8845K [0x00000000e0000000, 0x00000000e6e80000, 0x00000000f5580000)
  object space 113152K, 7% used [0x00000000e0000000,0x00000000e08a3500,0x00000000e6e80000)
 Metaspace       used 26801K, capacity 28796K, committed 29104K, reserved 1075200K
  class space    used 3553K, capacity 3944K, committed 4016K, reserved 1048576K
Event: 2.129 GC heap after
Heap after GC invocations=5 (full 1):
 PSYoungGen      total 100352K, used 5200K [0x00000000f5580000, 0x00000000fc380000, 0x0000000100000000)
  eden space 89600K, 0% used [0x00000000f5580000,0x00000000f5580000,0x00000000fad00000)
  from space 10752K, 48% used [0x00000000fb780000,0x00000000fbc943c8,0x00000000fc200000)
  to   space 10752K, 0% used [0x00000000fad00000,0x00000000fad00000,0x00000000fb780000)
 ParOldGen       total 113152K, used 8853K [0x00000000e0000000, 0x00000000e6e80000, 0x00000000f5580000)
  object space 113152K, 7% used [0x00000000e0000000,0x00000000e08a5500,0x00000000e6e80000)
 Metaspace       used 26801K, capacity 28796K, committed 29104K, reserved 1075200K
  class space    used 3553K, capacity 3944K, committed 4016K, reserved 1048576K
}

